Sun Nov  1 18:56:57 2020 [1;31mc:/Users/allen/csce315projects/315-fall2020-913-5-prj3/Code.gs(3): error C1999: syntax error.
[2;37;0m
Sun Nov  1 18:56:57 2020 [1;31mc:/Users/allen/csce315projects/315-fall2020-913-5-prj3/Code.gs(10): error C1999: Invalid function prototype, missing return type.
[2;37;0m
Sun Nov  1 18:56:57 2020 [1;31mc:/Users/allen/csce315projects/315-fall2020-913-5-prj3/Code.gs(11): error C1999: Bad function body, expected "{ ... }".
[2;37;0m
Sun Nov  1 18:56:57 2020 [1;31mc:/Users/allen/csce315projects/315-fall2020-913-5-prj3/Code.gs(11): error C1999: Illegal statement.
[2;37;0m
Sun Nov  1 18:56:57 2020 [1;31mc:/Users/allen/csce315projects/315-fall2020-913-5-prj3/Code.gs(16): error C1999: syntax error.
[2;37;0m
Sun Nov  1 18:56:57 2020 [1;31mc:/Users/allen/csce315projects/315-fall2020-913-5-prj3/Code.gs(16): error C1999: Illegal statement.
[2;37;0m
Sun Nov  1 18:56:57 2020 [1;31mc:/Users/allen/csce315projects/315-fall2020-913-5-prj3/Code.gs(20): error C1999: syntax error.
[2;37;0m
Sun Nov  1 18:56:57 2020 [1;31mc:/Users/allen/csce315projects/315-fall2020-913-5-prj3/Code.gs(20): error C1999: Bad argument.
[2;37;0m
Sun Nov  1 18:56:57 2020  At /Code.gs
Sun Nov  1 18:56:57 2020 [1;31mc:/Users/allen/csce315projects/315-fall2020-913-5-prj3/Code.gs(3): error C1999: syntax error.
[2;37;0m
Sun Nov  1 18:56:57 2020 [1;31mc:/Users/allen/csce315projects/315-fall2020-913-5-prj3/Code.gs(10): error C1999: Invalid function prototype, missing return type.
[2;37;0m
Sun Nov  1 18:56:57 2020 [1;31mc:/Users/allen/csce315projects/315-fall2020-913-5-prj3/Code.gs(11): error C1999: Bad function body, expected "{ ... }".
[2;37;0m
Sun Nov  1 18:56:57 2020 [1;31mc:/Users/allen/csce315projects/315-fall2020-913-5-prj3/Code.gs(11): error C1999: Illegal statement.
[2;37;0m
Sun Nov  1 18:56:57 2020 [1;31mc:/Users/allen/csce315projects/315-fall2020-913-5-prj3/Code.gs(16): error C1999: syntax error.
[2;37;0m
Sun Nov  1 18:56:57 2020 [1;31mc:/Users/allen/csce315projects/315-fall2020-913-5-prj3/Code.gs(16): error C1999: Illegal statement.
[2;37;0m
Sun Nov  1 18:56:57 2020 [1;31mc:/Users/allen/csce315projects/315-fall2020-913-5-prj3/Code.gs(20): error C1999: syntax error.
[2;37;0m
Sun Nov  1 18:56:57 2020 [1;31mc:/Users/allen/csce315projects/315-fall2020-913-5-prj3/Code.gs(20): error C1999: Bad argument.
[2;37;0m
Sun Nov  1 18:56:57 2020  At /Code.gs
